<?xml version="1.0" encoding="UTF-8"?>
<!-- Generated by org.testng.reporters.JUnitReportReporter -->
<testsuite hostname="BivanPc" failures="0" tests="3" name="Demo1" time="1.358" errors="0" timestamp="2024-09-29T16:44:51 IST" skipped="0">
  <testcase classname="Demo1" name="testC" time="0.010"/>
  <system-out/>
  <testcase classname="Demo1" name="testA" time="1.327"/>
  <system-out/>
  <testcase classname="Demo1" name="testB" time="0.021"/>
  <system-out/>
</testsuite> <!-- Demo1 -->
